  Character.cpp
  GameScreen.cpp
  GameScreenLevel1.cpp
  GameScreenLevel2.cpp
  GameScreenManager.cpp
  Luigi.cpp
  Mario.cpp
  Source.cpp
  Texture2D.cpp
E:\Y1S2\Game Engine\Mario Game 3-5-2020\SDLWindow\SDLBase\Texture2D.cpp(71,41): warning C4838: conversion from 'float' to 'int' requires a narrowing conversion
E:\Y1S2\Game Engine\Mario Game 3-5-2020\SDLWindow\SDLBase\Texture2D.cpp(71,41): warning C4244: 'initializing': conversion from 'float' to 'int', possible loss of data
E:\Y1S2\Game Engine\Mario Game 3-5-2020\SDLWindow\SDLBase\Texture2D.cpp(71,56): warning C4838: conversion from 'float' to 'int' requires a narrowing conversion
E:\Y1S2\Game Engine\Mario Game 3-5-2020\SDLWindow\SDLBase\Texture2D.cpp(71,56): warning C4244: 'initializing': conversion from 'float' to 'int', possible loss of data
  Generating Code...
E:\Y1S2\Game Engine\Mario Game 3-5-2020\SDLWindow\SDLBase\GameScreenLevel2.cpp(49): warning C4715: 'GameScreenLevel2::SetUpLevel': not all control paths return a value
E:\Y1S2\Game Engine\Mario Game 3-5-2020\SDLWindow\SDLBase\GameScreenLevel1.cpp(32): warning C4715: 'GameScreenLevel1::SetUpLevel': not all control paths return a value
Source.obj : error LNK2019: unresolved external symbol SDL_GetError referenced in function "bool __cdecl InitSDL(void)" (?InitSDL@@YA_NXZ)
Texture2D.obj : error LNK2001: unresolved external symbol SDL_GetError
Source.obj : error LNK2019: unresolved external symbol SDL_CreateWindow referenced in function "bool __cdecl InitSDL(void)" (?InitSDL@@YA_NXZ)
Source.obj : error LNK2019: unresolved external symbol SDL_DestroyWindow referenced in function "void __cdecl CloseSDL(void)" (?CloseSDL@@YAXXZ)
Source.obj : error LNK2019: unresolved external symbol SDL_PollEvent referenced in function "bool __cdecl Update(void)" (?Update@@YA_NXZ)
Source.obj : error LNK2019: unresolved external symbol SDL_CreateRenderer referenced in function "bool __cdecl InitSDL(void)" (?InitSDL@@YA_NXZ)
Source.obj : error LNK2019: unresolved external symbol SDL_SetRenderDrawColor referenced in function "void __cdecl Render(void)" (?Render@@YAXXZ)
Source.obj : error LNK2019: unresolved external symbol SDL_RenderClear referenced in function "void __cdecl Render(void)" (?Render@@YAXXZ)
Source.obj : error LNK2019: unresolved external symbol SDL_RenderPresent referenced in function "void __cdecl Render(void)" (?Render@@YAXXZ)
Source.obj : error LNK2019: unresolved external symbol SDL_DestroyRenderer referenced in function "void __cdecl CloseSDL(void)" (?CloseSDL@@YAXXZ)
Source.obj : error LNK2019: unresolved external symbol SDL_GetTicks referenced in function "bool __cdecl Update(void)" (?Update@@YA_NXZ)
Source.obj : error LNK2019: unresolved external symbol SDL_Init referenced in function "bool __cdecl InitSDL(void)" (?InitSDL@@YA_NXZ)
Source.obj : error LNK2019: unresolved external symbol SDL_Quit referenced in function "void __cdecl CloseSDL(void)" (?CloseSDL@@YAXXZ)
Source.obj : error LNK2019: unresolved external symbol IMG_Quit referenced in function "void __cdecl CloseSDL(void)" (?CloseSDL@@YAXXZ)
Texture2D.obj : error LNK2019: unresolved external symbol SDL_MapRGB referenced in function "public: bool __cdecl Texture2D::LoadFromFile(class std::basic_string<char,struct std::char_traits<char>,class std::allocator<char> >)" (?LoadFromFile@Texture2D@@QEAA_NV?$basic_string@DU?$char_traits@D@std@@V?$allocator@D@2@@std@@@Z)
Texture2D.obj : error LNK2019: unresolved external symbol SDL_FreeSurface referenced in function "public: bool __cdecl Texture2D::LoadFromFile(class std::basic_string<char,struct std::char_traits<char>,class std::allocator<char> >)" (?LoadFromFile@Texture2D@@QEAA_NV?$basic_string@DU?$char_traits@D@std@@V?$allocator@D@2@@std@@@Z)
Texture2D.obj : error LNK2019: unresolved external symbol SDL_SetColorKey referenced in function "public: bool __cdecl Texture2D::LoadFromFile(class std::basic_string<char,struct std::char_traits<char>,class std::allocator<char> >)" (?LoadFromFile@Texture2D@@QEAA_NV?$basic_string@DU?$char_traits@D@std@@V?$allocator@D@2@@std@@@Z)
Texture2D.obj : error LNK2019: unresolved external symbol SDL_CreateTextureFromSurface referenced in function "public: bool __cdecl Texture2D::LoadFromFile(class std::basic_string<char,struct std::char_traits<char>,class std::allocator<char> >)" (?LoadFromFile@Texture2D@@QEAA_NV?$basic_string@DU?$char_traits@D@std@@V?$allocator@D@2@@std@@@Z)
Texture2D.obj : error LNK2019: unresolved external symbol SDL_RenderCopyEx referenced in function "public: void __cdecl Texture2D::Render(struct Vector2D,enum SDL_RendererFlip,double)" (?Render@Texture2D@@QEAAXUVector2D@@W4SDL_RendererFlip@@N@Z)
Texture2D.obj : error LNK2019: unresolved external symbol SDL_DestroyTexture referenced in function "public: void __cdecl Texture2D::Free(void)" (?Free@Texture2D@@QEAAXXZ)
Texture2D.obj : error LNK2019: unresolved external symbol IMG_Load referenced in function "public: bool __cdecl Texture2D::LoadFromFile(class std::basic_string<char,struct std::char_traits<char>,class std::allocator<char> >)" (?LoadFromFile@Texture2D@@QEAA_NV?$basic_string@DU?$char_traits@D@std@@V?$allocator@D@2@@std@@@Z)
MSVCRTD.lib(exe_main.obj) : error LNK2019: unresolved external symbol main referenced in function "int __cdecl invoke_main(void)" (?invoke_main@@YAHXZ)
SDL\SDL2.lib : warning LNK4272: library machine type 'x86' conflicts with target machine type 'x64'
SDL\SDL2main.lib : warning LNK4272: library machine type 'x86' conflicts with target machine type 'x64'
SDL\SDL2_image.lib : warning LNK4272: library machine type 'x86' conflicts with target machine type 'x64'
SDL\SDL2_mixer.lib : warning LNK4272: library machine type 'x86' conflicts with target machine type 'x64'
E:\Y1S2\Game Engine\Mario Game 3-5-2020\SDLWindow\x64\Debug\SDLBase.exe : fatal error LNK1120: 21 unresolved externals
